25-Mar-2018 19:25:37.766 INFO [main] org.apache.catalina.core.ApplicationContext.log ContextListener: contextInitialized()
25-Mar-2018 19:25:37.766 INFO [main] org.apache.catalina.core.ApplicationContext.log SessionListener: contextInitialized()
25-Mar-2018 19:25:37.766 INFO [main] org.apache.catalina.core.ApplicationContext.log ContextListener: attributeAdded('StockTicker', 'async.Stockticker@62d0ac62')
25-Mar-2018 20:24:03.674 INFO [main] org.apache.catalina.core.ApplicationContext.log ContextListener: contextInitialized()
25-Mar-2018 20:24:03.689 INFO [main] org.apache.catalina.core.ApplicationContext.log SessionListener: contextInitialized()
25-Mar-2018 20:24:03.689 INFO [main] org.apache.catalina.core.ApplicationContext.log ContextListener: attributeAdded('StockTicker', 'async.Stockticker@1d269ed7')
25-Mar-2018 20:25:43.519 INFO [http-nio-8080-exec-2] org.apache.catalina.core.ApplicationContext.log DataAccessorServlets.ComicListServlet: Failed executing SQL query: [SQLITE_ERROR] SQL error or missing database (no such table: COMIC)
25-Mar-2018 20:27:06.383 INFO [main] org.apache.catalina.core.ApplicationContext.log SessionListener: contextDestroyed()
25-Mar-2018 20:27:06.383 INFO [main] org.apache.catalina.core.ApplicationContext.log ContextListener: contextDestroyed()
25-Mar-2018 20:27:06.414 SEVERE [main] org.apache.catalina.core.StandardContext.listenerStop Exception sending context destroyed event to listener instance of class [AppUtilities.AppContextListener]
 java.lang.NullPointerException
	at AppUtilities.AppContextListener.contextDestroyed(AppContextListener.java:26)
	at org.apache.catalina.core.StandardContext.listenerStop(StandardContext.java:4626)
	at org.apache.catalina.core.StandardContext.stopInternal(StandardContext.java:5263)
	at org.apache.catalina.util.LifecycleBase.stop(LifecycleBase.java:257)
	at org.apache.catalina.core.ContainerBase$StopChild.call(ContainerBase.java:1443)
	at org.apache.catalina.core.ContainerBase$StopChild.call(ContainerBase.java:1432)
	at java.base/java.util.concurrent.FutureTask.run(Unknown Source)
	at org.apache.tomcat.util.threads.InlineExecutorService.execute(InlineExecutorService.java:75)
	at java.base/java.util.concurrent.AbstractExecutorService.submit(Unknown Source)
	at org.apache.catalina.core.ContainerBase.stopInternal(ContainerBase.java:999)
	at org.apache.catalina.util.LifecycleBase.stop(LifecycleBase.java:257)
	at org.apache.catalina.core.ContainerBase$StopChild.call(ContainerBase.java:1443)
	at org.apache.catalina.core.ContainerBase$StopChild.call(ContainerBase.java:1432)
	at java.base/java.util.concurrent.FutureTask.run(Unknown Source)
	at org.apache.tomcat.util.threads.InlineExecutorService.execute(InlineExecutorService.java:75)
	at java.base/java.util.concurrent.AbstractExecutorService.submit(Unknown Source)
	at org.apache.catalina.core.ContainerBase.stopInternal(ContainerBase.java:999)
	at org.apache.catalina.util.LifecycleBase.stop(LifecycleBase.java:257)
	at org.apache.catalina.core.StandardService.stopInternal(StandardService.java:471)
	at org.apache.catalina.util.LifecycleBase.stop(LifecycleBase.java:257)
	at org.apache.catalina.core.StandardServer.stopInternal(StandardServer.java:791)
	at org.apache.catalina.util.LifecycleBase.stop(LifecycleBase.java:257)
	at org.apache.catalina.startup.Catalina.stop(Catalina.java:755)
	at org.apache.catalina.startup.Catalina.start(Catalina.java:717)
	at java.base/jdk.internal.reflect.NativeMethodAccessorImpl.invoke0(Native Method)
	at java.base/jdk.internal.reflect.NativeMethodAccessorImpl.invoke(Unknown Source)
	at java.base/jdk.internal.reflect.DelegatingMethodAccessorImpl.invoke(Unknown Source)
	at java.base/java.lang.reflect.Method.invoke(Unknown Source)
	at org.apache.catalina.startup.Bootstrap.start(Bootstrap.java:353)
	at org.apache.catalina.startup.Bootstrap.main(Bootstrap.java:493)

